app/build/intermediates/manifest_merge_blame_file/debug/manifest-merger-blame-debug-report.txt
1<?xml version="1.0" encoding="utf-8"?>
2<manifest xmlns:android="http://schemas.android.com/apk/res/android"
3    package="com.xiaoai.islandnotify"
4    android:versionCode="1"
5    android:versionName="1.0" >
6
7    <uses-sdk
8        android:minSdkVersion="31"
9        android:targetSdkVersion="35" />
10
11    <!-- Android 13+ 发送通知需要此权限 -->
12    <uses-permission android:name="android.permission.POST_NOTIFICATIONS" />
12-->src\main\AndroidManifest.xml:5:5-77
12-->src\main\AndroidManifest.xml:5:22-74
13    <!-- 上课静音：修改铃声模式 -->
14    <uses-permission android:name="android.permission.MODIFY_AUDIO_SETTINGS" />
14-->src\main\AndroidManifest.xml:7:5-80
14-->src\main\AndroidManifest.xml:7:22-77
15
16    <application
16-->src\main\AndroidManifest.xml:9:5-57:19
17        android:allowBackup="false"
17-->src\main\AndroidManifest.xml:12:9-36
18        android:debuggable="true"
19        android:description="@string/app_description"
19-->src\main\AndroidManifest.xml:11:9-54
20        android:extractNativeLibs="false"
21        android:label="@string/app_name" >
21-->src\main\AndroidManifest.xml:10:9-41
22
23        <!-- 声明这是一个 Xposed/LSPosed 模块 -->
24        <meta-data
24-->src\main\AndroidManifest.xml:15:9-17:36
25            android:name="xposedmodule"
25-->src\main\AndroidManifest.xml:16:13-40
26            android:value="true" />
26-->src\main\AndroidManifest.xml:17:13-33
27
28        <!-- 模块描述 -->
29        <meta-data
29-->src\main\AndroidManifest.xml:20:9-22:53
30            android:name="xposeddescription"
30-->src\main\AndroidManifest.xml:21:13-45
31            android:value="将小爱同学课程表提醒通知转为小米超级岛通知" />
31-->src\main\AndroidManifest.xml:22:13-50
32
33        <!-- 最低 Xposed API 版本 -->
34        <meta-data
34-->src\main\AndroidManifest.xml:25:9-27:34
35            android:name="xposedminversion"
35-->src\main\AndroidManifest.xml:26:13-44
36            android:value="82" />
36-->src\main\AndroidManifest.xml:27:13-31
37
38        <!--
39            LSPosed 作用域声明（仅注入目标包名进程）
40            也可在 LSPosed 管理器中手动勾选作用域
41        -->
42        <meta-data
42-->src\main\AndroidManifest.xml:33:9-35:52
43            android:name="xposedscope"
43-->src\main\AndroidManifest.xml:34:13-39
44            android:value="com.miui.voiceassist" />
44-->src\main\AndroidManifest.xml:35:13-49
45
46        <!-- 测试用 Activity：直接发送超级岛通知，验证 JSON 渲染效果 -->
47        <activity
47-->src\main\AndroidManifest.xml:38:9-46:20
48            android:name="com.xiaoai.islandnotify.TestActivity"
48-->src\main\AndroidManifest.xml:39:13-41
49            android:exported="true"
49-->src\main\AndroidManifest.xml:41:13-36
50            android:label="超级岛测试" >
50-->src\main\AndroidManifest.xml:40:13-34
51            <intent-filter>
51-->src\main\AndroidManifest.xml:42:13-45:29
52                <action android:name="android.intent.action.MAIN" />
52-->src\main\AndroidManifest.xml:43:17-69
52-->src\main\AndroidManifest.xml:43:25-66
53
54                <category android:name="android.intent.category.LAUNCHER" />
54-->src\main\AndroidManifest.xml:44:17-77
54-->src\main\AndroidManifest.xml:44:27-74
55            </intent-filter>
56        </activity>
57
58        <!-- 上课静音广播接收器 -->
59        <receiver
59-->src\main\AndroidManifest.xml:49:9-55:20
60            android:name="com.xiaoai.islandnotify.MuteReceiver"
60-->src\main\AndroidManifest.xml:50:13-41
61            android:exported="true" >
61-->src\main\AndroidManifest.xml:51:13-36
62            <intent-filter>
62-->src\main\AndroidManifest.xml:52:13-54:29
63                <action android:name="com.xiaoai.islandnotify.ACTION_MUTE" />
63-->src\main\AndroidManifest.xml:53:17-78
63-->src\main\AndroidManifest.xml:53:25-75
64            </intent-filter>
65        </receiver>
66    </application>
67
68</manifest>